<?xml version="1.0" ?>
<!DOCTYPE coverage SYSTEM "http://cobertura.sourceforge.net/xml/coverage-04.dtd">
<coverage lines-valid="258" lines-covered="84" line-rate="0.32549999999999996" branches-valid="130" branches-covered="0" branch-rate="0" timestamp="1635423053123" complexity="0" version="0.1">
  <sources>
    <source>/Users/jonw/GitHub/spm-g6t8/backend</source>
  </sources>
  <packages>
    <package name="backend" line-rate="0.9629000000000001" branch-rate="0">
      <classes>
        <class name="app.js" filename="app.js" line-rate="1" branch-rate="1">
          <methods>
          </methods>
          <lines>
            <line number="1" hits="1" branch="false"/>
            <line number="2" hits="1" branch="false"/>
            <line number="3" hits="1" branch="false"/>
            <line number="6" hits="1" branch="false"/>
            <line number="7" hits="1" branch="false"/>
            <line number="10" hits="1" branch="false"/>
            <line number="11" hits="1" branch="false"/>
            <line number="12" hits="1" branch="false"/>
            <line number="13" hits="1" branch="false"/>
            <line number="14" hits="1" branch="false"/>
            <line number="15" hits="1" branch="false"/>
            <line number="16" hits="1" branch="false"/>
            <line number="18" hits="1" branch="false"/>
            <line number="19" hits="1" branch="false"/>
            <line number="20" hits="1" branch="false"/>
            <line number="21" hits="1" branch="false"/>
            <line number="22" hits="1" branch="false"/>
            <line number="23" hits="1" branch="false"/>
            <line number="24" hits="1" branch="false"/>
            <line number="26" hits="1" branch="false"/>
            <line number="28" hits="1" branch="false"/>
          </lines>
        </class>
        <class name="db.js" filename="db.js" line-rate="0.8332999999999999" branch-rate="0">
          <methods>
            <method name="(anonymous_0)" hits="0" signature="()V">
              <lines>
                <line number="13" hits="0"/>
              </lines>
            </method>
          </methods>
          <lines>
            <line number="1" hits="1" branch="false"/>
            <line number="2" hits="1" branch="false"/>
            <line number="5" hits="1" branch="false"/>
            <line number="13" hits="1" branch="false"/>
            <line number="14" hits="0" branch="true" condition-coverage="0% (0/2)"/>
            <line number="18" hits="1" branch="false"/>
          </lines>
        </class>
      </classes>
    </package>
    <package name="backend.routes" line-rate="0.251" branch-rate="0">
      <classes>
        <class name="chapters.js" filename="routes/chapters.js" line-rate="0.3529" branch-rate="0">
          <methods>
            <method name="(anonymous_0)" hits="0" signature="()V">
              <lines>
                <line number="6" hits="0"/>
              </lines>
            </method>
            <method name="(anonymous_1)" hits="0" signature="()V">
              <lines>
                <line number="9" hits="0"/>
              </lines>
            </method>
            <method name="(anonymous_2)" hits="0" signature="()V">
              <lines>
                <line number="21" hits="0"/>
              </lines>
            </method>
            <method name="(anonymous_3)" hits="0" signature="()V">
              <lines>
                <line number="30" hits="0"/>
              </lines>
            </method>
          </methods>
          <lines>
            <line number="1" hits="1" branch="false"/>
            <line number="2" hits="1" branch="false"/>
            <line number="3" hits="1" branch="false"/>
            <line number="6" hits="1" branch="false"/>
            <line number="7" hits="0" branch="false"/>
            <line number="9" hits="0" branch="false"/>
            <line number="10" hits="0" branch="true" condition-coverage="0% (0/2)"/>
            <line number="11" hits="0" branch="false"/>
            <line number="15" hits="0" branch="false"/>
            <line number="21" hits="1" branch="false"/>
            <line number="22" hits="0" branch="false"/>
            <line number="30" hits="0" branch="false"/>
            <line number="31" hits="0" branch="true" condition-coverage="0% (0/2)"/>
            <line number="32" hits="0" branch="false"/>
            <line number="36" hits="0" branch="false"/>
            <line number="38" hits="0" branch="false"/>
            <line number="45" hits="1" branch="false"/>
          </lines>
        </class>
        <class name="classes.js" filename="routes/classes.js" line-rate="0.204" branch-rate="0">
          <methods>
            <method name="(anonymous_0)" hits="0" signature="()V">
              <lines>
                <line number="6" hits="0"/>
              </lines>
            </method>
            <method name="(anonymous_1)" hits="0" signature="()V">
              <lines>
                <line number="11" hits="0"/>
              </lines>
            </method>
            <method name="(anonymous_2)" hits="0" signature="()V">
              <lines>
                <line number="23" hits="0"/>
              </lines>
            </method>
            <method name="(anonymous_3)" hits="0" signature="()V">
              <lines>
                <line number="27" hits="0"/>
              </lines>
            </method>
            <method name="(anonymous_4)" hits="0" signature="()V">
              <lines>
                <line number="39" hits="0"/>
              </lines>
            </method>
            <method name="(anonymous_5)" hits="0" signature="()V">
              <lines>
                <line number="51" hits="0"/>
              </lines>
            </method>
            <method name="(anonymous_6)" hits="0" signature="()V">
              <lines>
                <line number="62" hits="0"/>
              </lines>
            </method>
            <method name="(anonymous_7)" hits="0" signature="()V">
              <lines>
                <line number="65" hits="0"/>
              </lines>
            </method>
            <method name="(anonymous_8)" hits="0" signature="()V">
              <lines>
                <line number="79" hits="0"/>
              </lines>
            </method>
            <method name="(anonymous_9)" hits="0" signature="()V">
              <lines>
                <line number="83" hits="0"/>
              </lines>
            </method>
            <method name="(anonymous_10)" hits="0" signature="()V">
              <lines>
                <line number="97" hits="0"/>
              </lines>
            </method>
            <method name="(anonymous_11)" hits="0" signature="()V">
              <lines>
                <line number="107" hits="0"/>
              </lines>
            </method>
          </methods>
          <lines>
            <line number="1" hits="1" branch="false"/>
            <line number="2" hits="1" branch="false"/>
            <line number="3" hits="1" branch="false"/>
            <line number="6" hits="1" branch="false"/>
            <line number="7" hits="0" branch="false"/>
            <line number="8" hits="0" branch="false"/>
            <line number="9" hits="0" branch="false"/>
            <line number="11" hits="0" branch="false"/>
            <line number="12" hits="0" branch="true" condition-coverage="0% (0/2)"/>
            <line number="13" hits="0" branch="false"/>
            <line number="17" hits="0" branch="false"/>
            <line number="23" hits="1" branch="false"/>
            <line number="24" hits="0" branch="false"/>
            <line number="25" hits="0" branch="false"/>
            <line number="27" hits="0" branch="false"/>
            <line number="28" hits="0" branch="true" condition-coverage="0% (0/2)"/>
            <line number="29" hits="0" branch="false"/>
            <line number="33" hits="0" branch="false"/>
            <line number="39" hits="1" branch="false"/>
            <line number="40" hits="0" branch="false"/>
            <line number="41" hits="0" branch="false"/>
            <line number="43" hits="0" branch="true" condition-coverage="0% (0/2)"/>
            <line number="44" hits="0" branch="false"/>
            <line number="45" hits="0" branch="true" condition-coverage="0% (0/2)"/>
            <line number="46" hits="0" branch="false"/>
            <line number="48" hits="0" branch="false"/>
            <line number="51" hits="0" branch="false"/>
            <line number="52" hits="0" branch="true" condition-coverage="0% (0/2)"/>
            <line number="53" hits="0" branch="false"/>
            <line number="57" hits="0" branch="false"/>
            <line number="62" hits="1" branch="false"/>
            <line number="63" hits="0" branch="false"/>
            <line number="65" hits="0" branch="false"/>
            <line number="66" hits="0" branch="true" condition-coverage="0% (0/2)"/>
            <line number="67" hits="0" branch="false"/>
            <line number="72" hits="0" branch="false"/>
            <line number="79" hits="1" branch="false"/>
            <line number="80" hits="0" branch="false"/>
            <line number="83" hits="0" branch="false"/>
            <line number="84" hits="0" branch="true" condition-coverage="0% (0/2)"/>
            <line number="85" hits="0" branch="false"/>
            <line number="90" hits="0" branch="false"/>
            <line number="97" hits="1" branch="false"/>
            <line number="98" hits="0" branch="false"/>
            <line number="107" hits="0" branch="false"/>
            <line number="108" hits="0" branch="true" condition-coverage="0% (0/2)"/>
            <line number="109" hits="0" branch="false"/>
            <line number="114" hits="0" branch="false"/>
            <line number="121" hits="1" branch="false"/>
          </lines>
        </class>
        <class name="courses.js" filename="routes/courses.js" line-rate="0.2" branch-rate="0">
          <methods>
            <method name="(anonymous_0)" hits="0" signature="()V">
              <lines>
                <line number="6" hits="0"/>
              </lines>
            </method>
            <method name="(anonymous_1)" hits="0" signature="()V">
              <lines>
                <line number="10" hits="0"/>
              </lines>
            </method>
            <method name="(anonymous_2)" hits="0" signature="()V">
              <lines>
                <line number="22" hits="0"/>
              </lines>
            </method>
            <method name="(anonymous_3)" hits="0" signature="()V">
              <lines>
                <line number="31" hits="0"/>
              </lines>
            </method>
            <method name="(anonymous_4)" hits="0" signature="()V">
              <lines>
                <line number="43" hits="0"/>
              </lines>
            </method>
            <method name="(anonymous_5)" hits="0" signature="()V">
              <lines>
                <line number="46" hits="0"/>
              </lines>
            </method>
            <method name="(anonymous_6)" hits="0" signature="()V">
              <lines>
                <line number="58" hits="0"/>
              </lines>
            </method>
            <method name="(anonymous_7)" hits="0" signature="()V">
              <lines>
                <line number="66" hits="0"/>
              </lines>
            </method>
            <method name="(anonymous_8)" hits="0" signature="()V">
              <lines>
                <line number="80" hits="0"/>
              </lines>
            </method>
            <method name="(anonymous_9)" hits="0" signature="()V">
              <lines>
                <line number="88" hits="0"/>
              </lines>
            </method>
            <method name="(anonymous_10)" hits="0" signature="()V">
              <lines>
                <line number="101" hits="0"/>
              </lines>
            </method>
            <method name="(anonymous_11)" hits="0" signature="()V">
              <lines>
                <line number="116" hits="0"/>
              </lines>
            </method>
            <method name="(anonymous_12)" hits="0" signature="()V">
              <lines>
                <line number="129" hits="0"/>
              </lines>
            </method>
            <method name="(anonymous_13)" hits="0" signature="()V">
              <lines>
                <line number="141" hits="0"/>
              </lines>
            </method>
            <method name="(anonymous_14)" hits="0" signature="()V">
              <lines>
                <line number="154" hits="0"/>
              </lines>
            </method>
            <method name="(anonymous_15)" hits="0" signature="()V">
              <lines>
                <line number="171" hits="0"/>
              </lines>
            </method>
            <method name="(anonymous_16)" hits="0" signature="()V">
              <lines>
                <line number="183" hits="0"/>
              </lines>
            </method>
            <method name="(anonymous_17)" hits="0" signature="()V">
              <lines>
                <line number="199" hits="0"/>
              </lines>
            </method>
            <method name="(anonymous_18)" hits="0" signature="()V">
              <lines>
                <line number="215" hits="0"/>
              </lines>
            </method>
            <method name="(anonymous_19)" hits="0" signature="()V">
              <lines>
                <line number="242" hits="0"/>
              </lines>
            </method>
            <method name="(anonymous_20)" hits="0" signature="()V">
              <lines>
                <line number="255" hits="0"/>
              </lines>
            </method>
            <method name="(anonymous_21)" hits="0" signature="()V">
              <lines>
                <line number="275" hits="0"/>
              </lines>
            </method>
            <method name="(anonymous_22)" hits="0" signature="()V">
              <lines>
                <line number="288" hits="0"/>
              </lines>
            </method>
            <method name="(anonymous_23)" hits="0" signature="()V">
              <lines>
                <line number="308" hits="0"/>
              </lines>
            </method>
            <method name="(anonymous_24)" hits="0" signature="()V">
              <lines>
                <line number="321" hits="0"/>
              </lines>
            </method>
            <method name="(anonymous_25)" hits="0" signature="()V">
              <lines>
                <line number="339" hits="0"/>
              </lines>
            </method>
          </methods>
          <lines>
            <line number="1" hits="1" branch="false"/>
            <line number="2" hits="1" branch="false"/>
            <line number="3" hits="1" branch="false"/>
            <line number="6" hits="1" branch="false"/>
            <line number="7" hits="0" branch="false"/>
            <line number="10" hits="0" branch="false"/>
            <line number="11" hits="0" branch="true" condition-coverage="0% (0/2)"/>
            <line number="12" hits="0" branch="false"/>
            <line number="16" hits="0" branch="false"/>
            <line number="22" hits="1" branch="false"/>
            <line number="23" hits="0" branch="false"/>
            <line number="25" hits="0" branch="true" condition-coverage="0% (0/2)"/>
            <line number="26" hits="0" branch="false"/>
            <line number="28" hits="0" branch="false"/>
            <line number="31" hits="0" branch="false"/>
            <line number="32" hits="0" branch="true" condition-coverage="0% (0/2)"/>
            <line number="33" hits="0" branch="false"/>
            <line number="37" hits="0" branch="false"/>
            <line number="43" hits="1" branch="false"/>
            <line number="44" hits="0" branch="false"/>
            <line number="46" hits="0" branch="false"/>
            <line number="47" hits="0" branch="true" condition-coverage="0% (0/2)"/>
            <line number="48" hits="0" branch="false"/>
            <line number="52" hits="0" branch="false"/>
            <line number="58" hits="1" branch="false"/>
            <line number="59" hits="0" branch="false"/>
            <line number="66" hits="0" branch="false"/>
            <line number="67" hits="0" branch="true" condition-coverage="0% (0/2)"/>
            <line number="68" hits="0" branch="false"/>
            <line number="72" hits="0" branch="false"/>
            <line number="80" hits="1" branch="false"/>
            <line number="81" hits="0" branch="false"/>
            <line number="88" hits="0" branch="false"/>
            <line number="89" hits="0" branch="true" condition-coverage="0% (0/2)"/>
            <line number="90" hits="0" branch="false"/>
            <line number="94" hits="0" branch="false"/>
            <line number="101" hits="1" branch="false"/>
            <line number="102" hits="0" branch="false"/>
            <line number="116" hits="0" branch="false"/>
            <line number="117" hits="0" branch="true" condition-coverage="0% (0/2)"/>
            <line number="118" hits="0" branch="false"/>
            <line number="122" hits="0" branch="false"/>
            <line number="129" hits="1" branch="false"/>
            <line number="130" hits="0" branch="false"/>
            <line number="141" hits="0" branch="false"/>
            <line number="142" hits="0" branch="true" condition-coverage="0% (0/2)"/>
            <line number="143" hits="0" branch="false"/>
            <line number="147" hits="0" branch="false"/>
            <line number="154" hits="1" branch="false"/>
            <line number="155" hits="0" branch="false"/>
            <line number="171" hits="0" branch="false"/>
            <line number="172" hits="0" branch="true" condition-coverage="0% (0/2)"/>
            <line number="173" hits="0" branch="false"/>
            <line number="177" hits="0" branch="false"/>
            <line number="183" hits="1" branch="false"/>
            <line number="184" hits="0" branch="false"/>
            <line number="199" hits="0" branch="false"/>
            <line number="200" hits="0" branch="true" condition-coverage="0% (0/2)"/>
            <line number="201" hits="0" branch="false"/>
            <line number="205" hits="0" branch="false"/>
            <line number="215" hits="1" branch="false"/>
            <line number="216" hits="0" branch="false"/>
            <line number="242" hits="0" branch="false"/>
            <line number="243" hits="0" branch="true" condition-coverage="0% (0/2)"/>
            <line number="244" hits="0" branch="false"/>
            <line number="248" hits="0" branch="false"/>
            <line number="255" hits="1" branch="false"/>
            <line number="256" hits="0" branch="false"/>
            <line number="275" hits="0" branch="false"/>
            <line number="276" hits="0" branch="true" condition-coverage="0% (0/2)"/>
            <line number="277" hits="0" branch="false"/>
            <line number="281" hits="0" branch="false"/>
            <line number="288" hits="1" branch="false"/>
            <line number="289" hits="0" branch="false"/>
            <line number="308" hits="0" branch="false"/>
            <line number="309" hits="0" branch="true" condition-coverage="0% (0/2)"/>
            <line number="310" hits="0" branch="false"/>
            <line number="314" hits="0" branch="false"/>
            <line number="321" hits="1" branch="false"/>
            <line number="322" hits="0" branch="false"/>
            <line number="339" hits="0" branch="false"/>
            <line number="340" hits="0" branch="true" condition-coverage="0% (0/2)"/>
            <line number="341" hits="0" branch="false"/>
            <line number="345" hits="0" branch="false"/>
            <line number="350" hits="1" branch="false"/>
          </lines>
        </class>
        <class name="engineers.js" filename="routes/engineers.js" line-rate="0.3846" branch-rate="0">
          <methods>
            <method name="(anonymous_0)" hits="0" signature="()V">
              <lines>
                <line number="6" hits="0"/>
              </lines>
            </method>
            <method name="(anonymous_1)" hits="0" signature="()V">
              <lines>
                <line number="21" hits="0"/>
              </lines>
            </method>
          </methods>
          <lines>
            <line number="1" hits="1" branch="false"/>
            <line number="2" hits="1" branch="false"/>
            <line number="3" hits="1" branch="false"/>
            <line number="6" hits="1" branch="false"/>
            <line number="10" hits="0" branch="false"/>
            <line number="15" hits="0" branch="false"/>
            <line number="17" hits="0" branch="true" condition-coverage="0% (0/2)"/>
            <line number="18" hits="0" branch="false"/>
            <line number="21" hits="0" branch="false"/>
            <line number="22" hits="0" branch="true" condition-coverage="0% (0/2)"/>
            <line number="23" hits="0" branch="false"/>
            <line number="27" hits="0" branch="false"/>
            <line number="32" hits="1" branch="false"/>
          </lines>
        </class>
        <class name="enrolled.js" filename="routes/enrolled.js" line-rate="0.3125" branch-rate="0">
          <methods>
            <method name="(anonymous_0)" hits="0" signature="()V">
              <lines>
                <line number="6" hits="0"/>
              </lines>
            </method>
            <method name="(anonymous_1)" hits="0" signature="()V">
              <lines>
                <line number="16" hits="0"/>
              </lines>
            </method>
          </methods>
          <lines>
            <line number="1" hits="1" branch="false"/>
            <line number="2" hits="1" branch="false"/>
            <line number="3" hits="1" branch="false"/>
            <line number="6" hits="1" branch="false"/>
            <line number="7" hits="0" branch="false"/>
            <line number="8" hits="0" branch="false"/>
            <line number="9" hits="0" branch="false"/>
            <line number="10" hits="0" branch="false"/>
            <line number="13" hits="0" branch="false"/>
            <line number="14" hits="0" branch="false"/>
            <line number="15" hits="0" branch="false"/>
            <line number="16" hits="0" branch="false"/>
            <line number="17" hits="0" branch="true" condition-coverage="0% (0/2)"/>
            <line number="18" hits="0" branch="false"/>
            <line number="22" hits="0" branch="false"/>
            <line number="27" hits="1" branch="false"/>
          </lines>
        </class>
        <class name="quiz.js" filename="routes/quiz.js" line-rate="0.2647" branch-rate="0">
          <methods>
            <method name="(anonymous_0)" hits="0" signature="()V">
              <lines>
                <line number="6" hits="0"/>
              </lines>
            </method>
            <method name="(anonymous_1)" hits="0" signature="()V">
              <lines>
                <line number="9" hits="0"/>
              </lines>
            </method>
            <method name="(anonymous_2)" hits="0" signature="()V">
              <lines>
                <line number="21" hits="0"/>
              </lines>
            </method>
            <method name="(anonymous_3)" hits="0" signature="()V">
              <lines>
                <line number="37" hits="0"/>
              </lines>
            </method>
            <method name="(anonymous_4)" hits="0" signature="()V">
              <lines>
                <line number="49" hits="0"/>
              </lines>
            </method>
            <method name="(anonymous_5)" hits="0" signature="()V">
              <lines>
                <line number="53" hits="0"/>
              </lines>
            </method>
            <method name="(anonymous_6)" hits="0" signature="()V">
              <lines>
                <line number="65" hits="0"/>
              </lines>
            </method>
            <method name="(anonymous_7)" hits="0" signature="()V">
              <lines>
                <line number="69" hits="0"/>
              </lines>
            </method>
            <method name="(anonymous_8)" hits="0" signature="()V">
              <lines>
                <line number="81" hits="0"/>
              </lines>
            </method>
            <method name="(anonymous_9)" hits="0" signature="()V">
              <lines>
                <line number="85" hits="0"/>
              </lines>
            </method>
          </methods>
          <lines>
            <line number="1" hits="1" branch="false"/>
            <line number="2" hits="1" branch="false"/>
            <line number="3" hits="1" branch="false"/>
            <line number="6" hits="1" branch="false"/>
            <line number="7" hits="0" branch="false"/>
            <line number="9" hits="0" branch="false"/>
            <line number="10" hits="0" branch="true" condition-coverage="0% (0/2)"/>
            <line number="11" hits="0" branch="false"/>
            <line number="15" hits="0" branch="false"/>
            <line number="21" hits="1" branch="false"/>
            <line number="22" hits="0" branch="false"/>
            <line number="37" hits="0" branch="false"/>
            <line number="38" hits="0" branch="true" condition-coverage="0% (0/2)"/>
            <line number="39" hits="0" branch="false"/>
            <line number="44" hits="0" branch="false"/>
            <line number="49" hits="1" branch="false"/>
            <line number="51" hits="0" branch="false"/>
            <line number="53" hits="0" branch="false"/>
            <line number="54" hits="0" branch="true" condition-coverage="0% (0/2)"/>
            <line number="55" hits="0" branch="false"/>
            <line number="59" hits="0" branch="false"/>
            <line number="65" hits="1" branch="false"/>
            <line number="67" hits="0" branch="false"/>
            <line number="69" hits="0" branch="false"/>
            <line number="70" hits="0" branch="true" condition-coverage="0% (0/2)"/>
            <line number="71" hits="0" branch="false"/>
            <line number="75" hits="0" branch="false"/>
            <line number="81" hits="1" branch="false"/>
            <line number="83" hits="0" branch="false"/>
            <line number="85" hits="0" branch="false"/>
            <line number="86" hits="0" branch="true" condition-coverage="0% (0/2)"/>
            <line number="87" hits="0" branch="false"/>
            <line number="91" hits="0" branch="false"/>
            <line number="97" hits="1" branch="false"/>
          </lines>
        </class>
        <class name="trainers.js" filename="routes/trainers.js" line-rate="0.3529" branch-rate="0">
          <methods>
            <method name="(anonymous_0)" hits="0" signature="()V">
              <lines>
                <line number="6" hits="0"/>
              </lines>
            </method>
            <method name="(anonymous_1)" hits="0" signature="()V">
              <lines>
                <line number="9" hits="0"/>
              </lines>
            </method>
            <method name="(anonymous_2)" hits="0" signature="()V">
              <lines>
                <line number="21" hits="0"/>
              </lines>
            </method>
            <method name="(anonymous_3)" hits="0" signature="()V">
              <lines>
                <line number="25" hits="0"/>
              </lines>
            </method>
          </methods>
          <lines>
            <line number="1" hits="1" branch="false"/>
            <line number="2" hits="1" branch="false"/>
            <line number="3" hits="1" branch="false"/>
            <line number="6" hits="1" branch="false"/>
            <line number="7" hits="0" branch="false"/>
            <line number="9" hits="0" branch="false"/>
            <line number="10" hits="0" branch="true" condition-coverage="0% (0/2)"/>
            <line number="11" hits="0" branch="false"/>
            <line number="15" hits="0" branch="false"/>
            <line number="21" hits="1" branch="false"/>
            <line number="22" hits="0" branch="false"/>
            <line number="23" hits="0" branch="false"/>
            <line number="25" hits="0" branch="false"/>
            <line number="26" hits="0" branch="true" condition-coverage="0% (0/2)"/>
            <line number="27" hits="0" branch="false"/>
            <line number="31" hits="0" branch="false"/>
            <line number="36" hits="1" branch="false"/>
          </lines>
        </class>
      </classes>
    </package>
  </packages>
</coverage>
